DEVCONSOLE: initialized.
loading app...
WM_CREATE : creating window
initializing gl:
getting screen coords: 1152 x 864
loading textures :
loading img/crate.bmp ...
loading img/geomaps/heightmap.raw ...
loading img/geomaps/ground.tga ...
loading img/skybox/ahead.bmp ...
loading img/skybox/back.bmp ...
loading img/skybox/right.bmp ...
loading img/skybox/left.bmp ...
loading img/skybox/up.bmp ...
loading img/skybox/down.bmp ...
loading img/gllogo.tga ...
loading img/f18cockpit.tga ...
loading img/geomaps/treemap.raw ...
loading img/geomaps/tree1.tga ...
loading img/geomaps/tree2.tga ...
loading img/geomaps/tree3.tga ...
loading img/geomaps/tree4.tga ...
loading img/background/main_bg.tga ...
loading img/lensf1.tga ...
loading img/lensf2.tga ...
loading img/lensf3.tga ...
loading img/lensf4.tga ...
loading img/rockettrail.tga ...
creating display lists...
creating heightmap ...---
ERROR: c:\dokumente und einstellungen\administrator\eigene dateien\development\visual studio projects\opengl\abschlussaufgabe opengl labor\physicsengine\src\objects\geomap.c, 233: invalid value:1281
---
heightmap list id = 1
Creating font Verdana, list id = 3, wglUseFontBitmaps: bRet 1, GetLastError: 487 
testing list ... glIsList ret = 1
Creating font Arial, list id = 259, wglUseFontBitmaps: bRet 1, GetLastError: 487 
testing list ... glIsList ret = 1
Creating font Times, list id = 515, wglUseFontBitmaps: bRet 1, GetLastError: 487 
testing list ... glIsList ret = 1
loading 3Ds objects : 
data/f18.3ds ...
... success
-------------------------------------------
num face 21982
min -13.123946 0.000000 -2.210571
max 13.123948 36.714645 6.270538
-------------------------------------------
Building vertex array for f18object ... t = 515 Kb, v = 772 Kb, n = 772 Kb
initializing particle system...
particlepool contains 2000 particles
emittername : Emitter
initializing sound (OpenAL) ... o.k.
initializing sound (DirectSound9) ... o.k.
DirectSound : loading soundfile sound/jet_low.wav ... o.k.
DirectSound : loading soundfile sound/missilelaunch.wav ... o.k.
DirectSound : loading soundfile sound/music/background.wav ... o.k.
DirectSound : loading soundfile sound/warning.wav ... o.k.
window initialized. going to message loop...
Treemap: rendering 16305 trees
cleaning up...
freeing display list memory ...
freeing object structure memory ...
Freeing particles from system...
DirectSound9: cleaning up ... o.k. 
